\BOOKMARK [1][-]{section.1}{Bakgrunn}{}% 1
\BOOKMARK [2][-]{subsection.1.1}{Hvorfor lage AuRa?}{section.1}% 2
\BOOKMARK [2][-]{subsection.1.2}{Hva finnes fra f\370r?}{section.1}% 3
\BOOKMARK [3][-]{subsubsection.1.2.1}{Automate \(Kilde: http:}{subsection.1.2}% 4
\BOOKMARK [3][-]{subsubsection.1.2.2}{Pandoc}{subsection.1.2}% 5
\BOOKMARK [2][-]{subsection.1.3}{Inspirasjoner}{section.1}% 6
\BOOKMARK [2][-]{subsection.1.4}{Hva er nytt?}{section.1}% 7
\BOOKMARK [2][-]{subsection.1.5}{Hva er ikke nytt?}{section.1}% 8
\BOOKMARK [2][-]{subsection.1.6}{Hva er m\345let med oppgaven?}{section.1}% 9
\BOOKMARK [2][-]{subsection.1.7}{Materialer}{section.1}% 10
\BOOKMARK [3][-]{subsubsection.1.7.1}{Steel Banks Common Lisp}{subsection.1.7}% 11
\BOOKMARK [3][-]{subsubsection.1.7.2}{Quicklisp}{subsection.1.7}% 12
\BOOKMARK [3][-]{subsubsection.1.7.3}{CL-PPCRE - Portable Perl-compatible revular expressions for Common Lisp}{subsection.1.7}% 13
\BOOKMARK [3][-]{subsubsection.1.7.4}{Split-Sequence}{subsection.1.7}% 14
\BOOKMARK [3][-]{subsubsection.1.7.5}{GNU Emacs}{subsection.1.7}% 15
\BOOKMARK [3][-]{subsubsection.1.7.6}{SLIME}{subsection.1.7}% 16
\BOOKMARK [3][-]{subsubsection.1.7.7}{Ubuntu 14.10}{subsection.1.7}% 17
\BOOKMARK [3][-]{subsubsection.1.7.8}{Git DVCS}{subsection.1.7}% 18
\BOOKMARK [3][-]{subsubsection.1.7.9}{Data brukt til testing av systemet}{subsection.1.7}% 19
\BOOKMARK [2][-]{subsection.1.8}{Metoder}{section.1}% 20
\BOOKMARK [3][-]{subsubsection.1.8.1}{Rational Unified Process}{subsection.1.8}% 21
\BOOKMARK [3][-]{subsubsection.1.8.2}{Objektorientert programmering}{subsection.1.8}% 22
\BOOKMARK [3][-]{subsubsection.1.8.3}{Design av systemet}{subsection.1.8}% 23
